#
# A fatal error has been detected by the Java Runtime Environment:
#
#  SIGBUS (0xa) at pc=0x0000000108997e92, pid=79628, tid=0x0000000000001a03
#
# JRE version: Java(TM) SE Runtime Environment (8.0_201-b09) (build 1.8.0_201-b09)
# Java VM: Java HotSpot(TM) 64-Bit Server VM (25.201-b09 mixed mode bsd-amd64 compressed oops)
# Problematic frame:
# C  [libzip.dylib+0x2e92]  newEntry+0x154
#
# Failed to write core dump. Core dumps have been disabled. To enable core dumping, try "ulimit -c unlimited" before starting Java again
#
# If you would like to submit a bug report, please visit:
#   http://bugreport.java.com/bugreport/crash.jsp
# The crash happened outside the Java Virtual Machine in native code.
# See problematic frame for where to report the bug.
#

---------------  T H R E A D  ---------------

Current thread (0x00007fe2ce80c000):  JavaThread "main" [_thread_in_native, id=6659, stack(0x0000000304a7d000,0x0000000304b7d000)]

siginfo: si_signo: 10 (SIGBUS), si_code: 2 (BUS_ADRERR), si_addr: 0x0000000121cb478d

Registers:
RAX=0x00006000037c5140, RBX=0x0000000121cb4781, RCX=0x0000600002190050, RDX=0x000000008b863807
RSP=0x0000000304b7a580, RBP=0x0000000304b7a5e0, RSI=0x0000000000000007, RDI=0x000000010893b000
R8 =0x0000ea9b41be0050, R9 =0x0000000000000001, R10=0x000000010b9235d8, R11=0x0000000000000018
R12=0x0000600003bc4c40, R13=0x0000000000000090, R14=0x00000000135fd88b, R15=0x00006000021d0b40
RIP=0x0000000108997e92, EFLAGS=0x0000000000000202, ERR=0x0000000000000004
  TRAPNO=0x000000000000000e

Top of Stack: (sp=0x0000000304b7a580)
0x0000000304b7a580:   0000000000000200 0000000000000000
0x0000000304b7a590:   0000000795d94320 0000000795d94230
0x0000000304b7a5a0:   0000000304b7a5c0 00006000037c5140
0x0000000304b7a5b0:   0000600002190050 00006000037c5140
0x0000000304b7a5c0:   0000600003bc4c40 0000000000000090
0x0000000304b7a5d0:   00000000135fd88b 00006000021d0b40
0x0000000304b7a5e0:   0000000304b7a640 000000010899852d
0x0000000304b7a5f0:   0000000304b7a677 0000000304b7a676
0x0000000304b7a600:   0000001700000000 000000180080c000
0x0000000304b7a610:   0000000304b7a65e 0000000304b7aaa8
0x0000000304b7a620:   0000000000000018 0000000304b7a65e
0x0000000304b7a630:   00006000037c5140 00007fe2ce80c1f8
0x0000000304b7a640:   0000000304b7aa90 0000000108997238
0x0000000304b7a650:   0000000000000000 6c78000700000000
0x0000000304b7a660:   6568736b726f772f 656568732f737465
0x0000000304b7a670:   00006c6d782e3274 0000000121b5fc6c
0x0000000304b7a680:   0000000304b7a6d8 0000000121b60258
0x0000000304b7a690:   0000000000000000 0000000121b5fc80
0x0000000304b7a6a0:   0000000000000000 0000000304b7a6c0
0x0000000304b7a6b0:   0000000304b7a730 000000010b7902bd
0x0000000304b7a6c0:   0000000304b7a750 0000000304b7a750
0x0000000304b7a6d0:   0000000304b7a6f0 0000000109e7ea42
0x0000000304b7a6e0:   000000011ecc4d98 000000011ecc4d98
0x0000000304b7a6f0:   0000000304b7a730 0000000109b5d5d3
0x0000000304b7a700:   0000000304b7a760 000000011ecc4d98
0x0000000304b7a710:   000000011ecc4d98 00006000002d69c0
0x0000000304b7a720:   0000000000000000 00000001099726d2
0x0000000304b7a730:   0000000304b7a7c0 0000000109d24a07
0x0000000304b7a740:   0000000000000000 000000011ecc4d98
0x0000000304b7a750:   0000000304b7a780 0000000109a6ed05
0x0000000304b7a760:   000000011ecc4d98 41ad004500000000
0x0000000304b7a770:   0000000000000000 0000000000000080 

Instructions: (pc=0x0000000108997e92)
0x0000000108997e72:   49 8b 7f 38 e8 5b 1b 00 00 4d 89 77 38 49 89 5f
0x0000000108997e82:   40 4c 89 f0 48 85 c0 0f 84 11 05 00 00 48 89 c3
0x0000000108997e92:   0f b6 43 0c 0f b6 4b 0d 48 c1 e1 08 48 01 c1 0f
0x0000000108997ea2:   b6 43 0e 0f b6 53 0f 48 c1 e2 08 48 01 c2 48 c1 

Register to memory mapping:

RAX=0x00006000037c5140 is an unknown value
RBX=0x0000000121cb4781 is an unknown value
RCX=0x0000600002190050 is an unknown value
RDX=0x000000008b863807 is an unknown value
RSP=0x0000000304b7a580 is pointing into the stack for thread: 0x00007fe2ce80c000
RBP=0x0000000304b7a5e0 is pointing into the stack for thread: 0x00007fe2ce80c000
RSI=0x0000000000000007 is an unknown value
RDI=0x000000010893b000 is an unknown value
R8 =0x0000ea9b41be0050 is an unknown value
R9 =0x0000000000000001 is an unknown value
R10=0x000000010b9235d8 is at entry_point+88 in (nmethod*)0x000000010b923410
R11=0x0000000000000018 is an unknown value
R12=0x0000600003bc4c40 is an unknown value
R13=0x0000000000000090 is an unknown value
R14=0x00000000135fd88b is an unknown value
R15=0x00006000021d0b40 is an unknown value


Stack: [0x0000000304a7d000,0x0000000304b7d000],  sp=0x0000000304b7a580,  free space=1013k
Native frames: (J=compiled Java code, j=interpreted, Vv=VM code, C=native code)
C  [libzip.dylib+0x2e92]  newEntry+0x154
C  [libzip.dylib+0x352d]  ZIP_GetEntry2+0xd4
C  [libzip.dylib+0x2238]  Java_java_util_zip_ZipFile_getEntry+0xcf
J 266  java.util.zip.ZipFile.getEntry(J[BZ)J (0 bytes) @ 0x000000010b92364e [0x000000010b923580+0xce]
J 550 C1 java.util.zip.ZipFile.getInputStream(Ljava/util/zip/ZipEntry;)Ljava/io/InputStream; (304 bytes) @ 0x000000010b9d518c [0x000000010b9d4e00+0x38c]
j  org.apache.poi.openxml4j.util.ZipSecureFile.getInputStream(Ljava/util/zip/ZipEntry;)Ljava/io/InputStream;+2
j  org.apache.poi.openxml4j.util.ZipFileZipEntrySource.getInputStream(Ljava/util/zip/ZipEntry;)Ljava/io/InputStream;+22
j  org.apache.poi.openxml4j.opc.ZipPackagePart.getInputStreamImpl()Ljava/io/InputStream;+14
j  org.apache.poi.openxml4j.opc.PackagePart.getInputStream()Ljava/io/InputStream;+1
j  org.apache.poi.openxml4j.opc.internal.marshallers.ZipPartMarshaller.marshall(Lorg/apache/poi/openxml4j/opc/PackagePart;Ljava/io/OutputStream;)Z+121
j  org.apache.poi.openxml4j.opc.ZipPackagePart.save(Ljava/io/OutputStream;)Z+9
j  org.apache.poi.openxml4j.opc.internal.marshallers.DefaultMarshaller.marshall(Lorg/apache/poi/openxml4j/opc/PackagePart;Ljava/io/OutputStream;)Z+2
j  org.apache.poi.openxml4j.opc.ZipPackage.saveImpl(Ljava/io/OutputStream;)V+380
j  org.apache.poi.openxml4j.opc.OPCPackage.save(Ljava/io/OutputStream;)V+6
j  org.apache.poi.openxml4j.opc.OPCPackage.save(Ljava/io/File;)V+64
j  org.apache.poi.openxml4j.opc.ZipPackage.closeImpl()V+71
j  org.apache.poi.openxml4j.opc.OPCPackage.close()V+138
j  org.apache.poi.POIXMLDocument.close()V+34
j  com.digitas.HttpStatusCode.ExcelUtilities.getColumnDataAsList(Ljava/lang/String;Ljava/lang/String;Ljava/lang/String;Ljava/lang/String;)Ljava/util/ArrayList;+245
j  com.HttpStatusCode.ApiTest.PostApiTest()V+19
v  ~StubRoutines::call_stub
V  [libjvm.dylib+0x2f0bea]
V  [libjvm.dylib+0x4d7830]
V  [libjvm.dylib+0x4d7d64]
V  [libjvm.dylib+0x349138]
j  sun.reflect.NativeMethodAccessorImpl.invoke0(Ljava/lang/reflect/Method;Ljava/lang/Object;[Ljava/lang/Object;)Ljava/lang/Object;+0
j  sun.reflect.NativeMethodAccessorImpl.invoke(Ljava/lang/Object;[Ljava/lang/Object;)Ljava/lang/Object;+100
j  sun.reflect.DelegatingMethodAccessorImpl.invoke(Ljava/lang/Object;[Ljava/lang/Object;)Ljava/lang/Object;+6
j  java.lang.reflect.Method.invoke(Ljava/lang/Object;[Ljava/lang/Object;)Ljava/lang/Object;+56
j  org.testng.internal.MethodInvocationHelper.invokeMethod(Ljava/lang/reflect/Method;Ljava/lang/Object;[Ljava/lang/Object;)Ljava/lang/Object;+258
j  org.testng.internal.TestInvoker.invokeMethod(Lorg/testng/internal/TestMethodArguments;Lorg/testng/xml/XmlSuite;Lorg/testng/internal/ITestInvoker$FailureContext;)Lorg/testng/ITestResult;+699
j  org.testng.internal.TestInvoker.invokeTestMethod(Lorg/testng/internal/TestMethodArguments;Lorg/testng/xml/XmlSuite;Lorg/testng/internal/ITestInvoker$FailureContext;)Lorg/testng/ITestResult;+16
j  org.testng.internal.MethodRunner.runInSequence(Lorg/testng/internal/TestMethodArguments;Lorg/testng/internal/ITestInvoker;Lorg/testng/ITestContext;Ljava/util/concurrent/atomic/AtomicInteger;Lorg/testng/internal/ITestInvoker$FailureContext;Ljava/util/Iterator;Z)Ljava/util/List;+127
j  org.testng.internal.TestInvoker$MethodInvocationAgent.invoke(I)I+313
j  org.testng.internal.TestInvoker.invokeTestMethods(Lorg/testng/ITestNGMethod;Lorg/testng/internal/ConfigurationGroupMethods;Ljava/lang/Object;Lorg/testng/ITestContext;)Ljava/util/List;+389
j  org.testng.internal.TestMethodWorker.invokeTestMethods(Lorg/testng/ITestNGMethod;Ljava/lang/Object;)V+14
j  org.testng.internal.TestMethodWorker.run()V+127
j  org.testng.TestRunner$$Lambda$103.accept(Ljava/lang/Object;)V+7
j  java.util.ArrayList.forEach(Ljava/util/function/Consumer;)V+47
j  org.testng.TestRunner.privateRun(Lorg/testng/xml/XmlTest;)V+380
j  org.testng.TestRunner.run()V+25
j  org.testng.SuiteRunner.runTest(Lorg/testng/TestRunner;)V+21
j  org.testng.SuiteRunner.runSequentially()V+31
j  org.testng.SuiteRunner.privateRun()V+332
j  org.testng.SuiteRunner.run()V+6
j  org.testng.SuiteRunnerWorker.runSuite(Lorg/testng/internal/SuiteRunnerMap;Lorg/testng/xml/XmlSuite;)V+87
j  org.testng.SuiteRunnerWorker.run()V+12
j  org.testng.TestNG.runSuitesSequentially(Lorg/testng/xml/XmlSuite;Lorg/testng/internal/SuiteRunnerMap;ILjava/lang/String;)V+66
j  org.testng.TestNG.runSuitesLocally()Ljava/util/List;+156
j  org.testng.TestNG.runSuites()Ljava/util/List;+1
j  org.testng.TestNG.run()V+25
j  org.testng.remote.AbstractRemoteTestNG.run()V+149
j  org.testng.remote.RemoteTestNG.initAndRun(Lorg/testng/remote/IRemoteTestNG;[Ljava/lang/String;Lorg/testng/CommandLineArgs;Lorg/testng/remote/RemoteArgs;)V+184
j  org.testng.remote.RemoteTestNG.main([Ljava/lang/String;)V+201
v  ~StubRoutines::call_stub
V  [libjvm.dylib+0x2f0bea]
V  [libjvm.dylib+0x327b91]
V  [libjvm.dylib+0x32091d]
C  [java+0x38c6]  JavaMain+0x9c4
C  [libsystem_pthread.dylib+0x64e1]  _pthread_start+0x7d
C  [libsystem_pthread.dylib+0x1f6b]  thread_start+0xf
C  0x0000000000000000

Java frames: (J=compiled Java code, j=interpreted, Vv=VM code)
J 266  java.util.zip.ZipFile.getEntry(J[BZ)J (0 bytes) @ 0x000000010b9235d8 [0x000000010b923580+0x58]
J 550 C1 java.util.zip.ZipFile.getInputStream(Ljava/util/zip/ZipEntry;)Ljava/io/InputStream; (304 bytes) @ 0x000000010b9d518c [0x000000010b9d4e00+0x38c]
j  org.apache.poi.openxml4j.util.ZipSecureFile.getInputStream(Ljava/util/zip/ZipEntry;)Ljava/io/InputStream;+2
j  org.apache.poi.openxml4j.util.ZipFileZipEntrySource.getInputStream(Ljava/util/zip/ZipEntry;)Ljava/io/InputStream;+22
j  org.apache.poi.openxml4j.opc.ZipPackagePart.getInputStreamImpl()Ljava/io/InputStream;+14
j  org.apache.poi.openxml4j.opc.PackagePart.getInputStream()Ljava/io/InputStream;+1
j  org.apache.poi.openxml4j.opc.internal.marshallers.ZipPartMarshaller.marshall(Lorg/apache/poi/openxml4j/opc/PackagePart;Ljava/io/OutputStream;)Z+121
j  org.apache.poi.openxml4j.opc.ZipPackagePart.save(Ljava/io/OutputStream;)Z+9
j  org.apache.poi.openxml4j.opc.internal.marshallers.DefaultMarshaller.marshall(Lorg/apache/poi/openxml4j/opc/PackagePart;Ljava/io/OutputStream;)Z+2
j  org.apache.poi.openxml4j.opc.ZipPackage.saveImpl(Ljava/io/OutputStream;)V+380
j  org.apache.poi.openxml4j.opc.OPCPackage.save(Ljava/io/OutputStream;)V+6
j  org.apache.poi.openxml4j.opc.OPCPackage.save(Ljava/io/File;)V+64
j  org.apache.poi.openxml4j.opc.ZipPackage.closeImpl()V+71
j  org.apache.poi.openxml4j.opc.OPCPackage.close()V+138
j  org.apache.poi.POIXMLDocument.close()V+34
j  com.digitas.HttpStatusCode.ExcelUtilities.getColumnDataAsList(Ljava/lang/String;Ljava/lang/String;Ljava/lang/String;Ljava/lang/String;)Ljava/util/ArrayList;+245
j  com.HttpStatusCode.ApiTest.PostApiTest()V+19
v  ~StubRoutines::call_stub
j  sun.reflect.NativeMethodAccessorImpl.invoke0(Ljava/lang/reflect/Method;Ljava/lang/Object;[Ljava/lang/Object;)Ljava/lang/Object;+0
j  sun.reflect.NativeMethodAccessorImpl.invoke(Ljava/lang/Object;[Ljava/lang/Object;)Ljava/lang/Object;+100
j  sun.reflect.DelegatingMethodAccessorImpl.invoke(Ljava/lang/Object;[Ljava/lang/Object;)Ljava/lang/Object;+6
j  java.lang.reflect.Method.invoke(Ljava/lang/Object;[Ljava/lang/Object;)Ljava/lang/Object;+56
j  org.testng.internal.MethodInvocationHelper.invokeMethod(Ljava/lang/reflect/Method;Ljava/lang/Object;[Ljava/lang/Object;)Ljava/lang/Object;+258
j  org.testng.internal.TestInvoker.invokeMethod(Lorg/testng/internal/TestMethodArguments;Lorg/testng/xml/XmlSuite;Lorg/testng/internal/ITestInvoker$FailureContext;)Lorg/testng/ITestResult;+699
j  org.testng.internal.TestInvoker.invokeTestMethod(Lorg/testng/internal/TestMethodArguments;Lorg/testng/xml/XmlSuite;Lorg/testng/internal/ITestInvoker$FailureContext;)Lorg/testng/ITestResult;+16
j  org.testng.internal.MethodRunner.runInSequence(Lorg/testng/internal/TestMethodArguments;Lorg/testng/internal/ITestInvoker;Lorg/testng/ITestContext;Ljava/util/concurrent/atomic/AtomicInteger;Lorg/testng/internal/ITestInvoker$FailureContext;Ljava/util/Iterator;Z)Ljava/util/List;+127
j  org.testng.internal.TestInvoker$MethodInvocationAgent.invoke(I)I+313
j  org.testng.internal.TestInvoker.invokeTestMethods(Lorg/testng/ITestNGMethod;Lorg/testng/internal/ConfigurationGroupMethods;Ljava/lang/Object;Lorg/testng/ITestContext;)Ljava/util/List;+389
j  org.testng.internal.TestMethodWorker.invokeTestMethods(Lorg/testng/ITestNGMethod;Ljava/lang/Object;)V+14
j  org.testng.internal.TestMethodWorker.run()V+127
j  org.testng.TestRunner$$Lambda$103.accept(Ljava/lang/Object;)V+7
j  java.util.ArrayList.forEach(Ljava/util/function/Consumer;)V+47
j  org.testng.TestRunner.privateRun(Lorg/testng/xml/XmlTest;)V+380
j  org.testng.TestRunner.run()V+25
j  org.testng.SuiteRunner.runTest(Lorg/testng/TestRunner;)V+21
j  org.testng.SuiteRunner.runSequentially()V+31
j  org.testng.SuiteRunner.privateRun()V+332
j  org.testng.SuiteRunner.run()V+6
j  org.testng.SuiteRunnerWorker.runSuite(Lorg/testng/internal/SuiteRunnerMap;Lorg/testng/xml/XmlSuite;)V+87
j  org.testng.SuiteRunnerWorker.run()V+12
j  org.testng.TestNG.runSuitesSequentially(Lorg/testng/xml/XmlSuite;Lorg/testng/internal/SuiteRunnerMap;ILjava/lang/String;)V+66
j  org.testng.TestNG.runSuitesLocally()Ljava/util/List;+156
j  org.testng.TestNG.runSuites()Ljava/util/List;+1
j  org.testng.TestNG.run()V+25
j  org.testng.remote.AbstractRemoteTestNG.run()V+149
j  org.testng.remote.RemoteTestNG.initAndRun(Lorg/testng/remote/IRemoteTestNG;[Ljava/lang/String;Lorg/testng/CommandLineArgs;Lorg/testng/remote/RemoteArgs;)V+184
j  org.testng.remote.RemoteTestNG.main([Ljava/lang/String;)V+201
v  ~StubRoutines::call_stub

---------------  P R O C E S S  ---------------

Java Threads: ( => current thread )
  0x00007fe2cd25f800 JavaThread "ReaderThread" [_thread_in_native, id=41275, stack(0x0000000305ec4000,0x0000000305fc4000)]
  0x00007fe2ce81a000 JavaThread "Service Thread" daemon [_thread_blocked, id=23303, stack(0x0000000305cbe000,0x0000000305dbe000)]
  0x00007fe29d00b800 JavaThread "C1 CompilerThread3" daemon [_thread_blocked, id=42755, stack(0x0000000305bbb000,0x0000000305cbb000)]
  0x00007fe2cf81b800 JavaThread "C2 CompilerThread2" daemon [_thread_blocked, id=22275, stack(0x0000000305ab8000,0x0000000305bb8000)]
  0x00007fe2d081b000 JavaThread "C2 CompilerThread1" daemon [_thread_blocked, id=43267, stack(0x00000003059b5000,0x0000000305ab5000)]
  0x00007fe2d0808800 JavaThread "C2 CompilerThread0" daemon [_thread_in_native, id=15875, stack(0x00000003058b2000,0x00000003059b2000)]
  0x00007fe2cd033800 JavaThread "Signal Dispatcher" daemon [_thread_blocked, id=16387, stack(0x00000003057af000,0x00000003058af000)]
  0x00007fe2ce817800 JavaThread "Finalizer" daemon [_thread_blocked, id=18971, stack(0x000000030559e000,0x000000030569e000)]
  0x00007fe2cd008800 JavaThread "Reference Handler" daemon [_thread_blocked, id=13859, stack(0x000000030549b000,0x000000030559b000)]
=>0x00007fe2ce80c000 JavaThread "main" [_thread_in_native, id=6659, stack(0x0000000304a7d000,0x0000000304b7d000)]

Other Threads:
  0x00007fe2cd02e000 VMThread [stack: 0x0000000305398000,0x0000000305498000] [id=13315]
  0x00007fe2cd036000 WatcherThread [stack: 0x0000000305dc1000,0x0000000305ec1000] [id=23559]

VM state:not at safepoint (normal execution)

VM Mutex/Monitor currently owned by a thread: None

heap address: 0x0000000740000000, size: 2048 MB, Compressed Oops mode: Zero based, Oop shift amount: 3
Narrow klass base: 0x0000000000000000, Narrow klass shift: 3
Compressed class space size: 1073741824 Address: 0x00000007c0000000

Heap:
 PSYoungGen      total 71680K, used 17926K [0x0000000795580000, 0x000000079a080000, 0x00000007c0000000)
  eden space 66560K, 19% used [0x0000000795580000,0x0000000796209b30,0x0000000799680000)
  from space 5120K, 99% used [0x0000000799b80000,0x000000079a078030,0x000000079a080000)
  to   space 5120K, 0% used [0x0000000799680000,0x0000000799680000,0x0000000799b80000)
 ParOldGen       total 87552K, used 7485K [0x0000000740000000, 0x0000000745580000, 0x0000000795580000)
  object space 87552K, 8% used [0x0000000740000000,0x000000074074f6a8,0x0000000745580000)
 Metaspace       used 17387K, capacity 17828K, committed 18176K, reserved 1064960K
  class space    used 2094K, capacity 2234K, committed 2304K, reserved 1048576K

Card table byte_map: [0x0000000108e2f000,0x0000000109230000] byte_map_base: 0x000000010542f000

Marking Bits: (ParMarkBitMap*) 0x000000010a1cce40
 Begin Bits: [0x000000011a788000, 0x000000011c788000)
 End Bits:   [0x000000011c788000, 0x000000011e788000)

Polling page: 0x0000000108958000

CodeCache: size=245760Kb used=7685Kb max_used=7685Kb free=238074Kb
 bounds [0x000000010b788000, 0x000000010bf18000, 0x000000011a788000]
 total_blobs=2439 nmethods=2043 adapters=310
 compilation: enabled

Compilation events (10 events):
Event: 3.196 Thread 0x00007fe29d00b800 nmethod 2041 0x000000010bf0c090 code [0x000000010bf0c220, 0x000000010bf0c6a8]
Event: 3.196 Thread 0x00007fe29d00b800 2043       3       com.sun.org.apache.xerces.internal.dom.ElementNSImpl::getNamespaceURI (16 bytes)
Event: 3.196 Thread 0x00007fe29d00b800 nmethod 2043 0x000000010bf0c890 code [0x000000010bf0ca00, 0x000000010bf0cda8]
Event: 3.199 Thread 0x00007fe29d00b800 2044       3       java.net.URI$Parser::scan (73 bytes)
Event: 3.200 Thread 0x00007fe29d00b800 nmethod 2044 0x000000010bf0ce50 code [0x000000010bf0d020, 0x000000010bf0d708]
Event: 3.201 Thread 0x00007fe29d00b800 2045       3       java.util.regex.Pattern$BmpCharProperty::<init> (5 bytes)
Event: 3.201 Thread 0x00007fe29d00b800 nmethod 2045 0x000000010bf0db90 code [0x000000010bf0dd20, 0x000000010bf0e070]
Event: 3.201 Thread 0x00007fe29d00b800 2046       3       java.util.regex.Pattern$BmpCharProperty::<init> (6 bytes)
Event: 3.201 Thread 0x00007fe29d00b800 nmethod 2046 0x000000010bf0e250 code [0x000000010bf0e3e0, 0x000000010bf0e6d0]
Event: 3.204 Thread 0x00007fe29d00b800 2047       3       java.util.Vector::<init> (7 bytes)

GC Heap History (4 events):
Event: 1.623 GC heap before
{Heap before GC invocations=1 (full 0):
 PSYoungGen      total 38400K, used 33280K [0x0000000795580000, 0x0000000798000000, 0x00000007c0000000)
  eden space 33280K, 100% used [0x0000000795580000,0x0000000797600000,0x0000000797600000)
  from space 5120K, 0% used [0x0000000797b00000,0x0000000797b00000,0x0000000798000000)
  to   space 5120K, 0% used [0x0000000797600000,0x0000000797600000,0x0000000797b00000)
 ParOldGen       total 87552K, used 0K [0x0000000740000000, 0x0000000745580000, 0x0000000795580000)
  object space 87552K, 0% used [0x0000000740000000,0x0000000740000000,0x0000000745580000)
 Metaspace       used 13117K, capacity 13492K, committed 13696K, reserved 1060864K
  class space    used 1546K, capacity 1650K, committed 1664K, reserved 1048576K
Event: 1.646 GC heap after
Heap after GC invocations=1 (full 0):
 PSYoungGen      total 38400K, used 5109K [0x0000000795580000, 0x000000079a080000, 0x00000007c0000000)
  eden space 33280K, 0% used [0x0000000795580000,0x0000000795580000,0x0000000797600000)
  from space 5120K, 99% used [0x0000000797600000,0x0000000797afd550,0x0000000797b00000)
  to   space 5120K, 0% used [0x0000000799b80000,0x0000000799b80000,0x000000079a080000)
 ParOldGen       total 87552K, used 1465K [0x0000000740000000, 0x0000000745580000, 0x0000000795580000)
  object space 87552K, 1% used [0x0000000740000000,0x000000074016e428,0x0000000745580000)
 Metaspace       used 13117K, capacity 13492K, committed 13696K, reserved 1060864K
  class space    used 1546K, capacity 1650K, committed 1664K, reserved 1048576K
}
Event: 2.799 GC heap before
{Heap before GC invocations=2 (full 0):
 PSYoungGen      total 38400K, used 38389K [0x0000000795580000, 0x000000079a080000, 0x00000007c0000000)
  eden space 33280K, 100% used [0x0000000795580000,0x0000000797600000,0x0000000797600000)
  from space 5120K, 99% used [0x0000000797600000,0x0000000797afd550,0x0000000797b00000)
  to   space 5120K, 0% used [0x0000000799b80000,0x0000000799b80000,0x000000079a080000)
 ParOldGen       total 87552K, used 1465K [0x0000000740000000, 0x0000000745580000, 0x0000000795580000)
  object space 87552K, 1% used [0x0000000740000000,0x000000074016e428,0x0000000745580000)
 Metaspace       used 16474K, capacity 16914K, committed 17280K, reserved 1064960K
  class space    used 1960K, capacity 2103K, committed 2176K, reserved 1048576K
Event: 2.840 GC heap after
Heap after GC invocations=2 (full 0):
 PSYoungGen      total 71680K, used 5088K [0x0000000795580000, 0x000000079a080000, 0x00000007c0000000)
  eden space 66560K, 0% used [0x0000000795580000,0x0000000795580000,0x0000000799680000)
  from space 5120K, 99% used [0x0000000799b80000,0x000000079a078030,0x000000079a080000)
  to   space 5120K, 0% used [0x0000000799680000,0x0000000799680000,0x0000000799b80000)
 ParOldGen       total 87552K, used 7485K [0x0000000740000000, 0x0000000745580000, 0x0000000795580000)
  object space 87552K, 8% used [0x0000000740000000,0x000000074074f6a8,0x0000000745580000)
 Metaspace       used 16474K, capacity 16914K, committed 17280K, reserved 1064960K
  class space    used 1960K, capacity 2103K, committed 2176K, reserved 1048576K
}

Deoptimization events (10 events):
Event: 3.171 Thread 0x00007fe2ce80c000 Uncommon trap: reason=unstable_if action=reinterpret pc=0x000000010be44258 method=com.sun.org.apache.xerces.internal.dom.ParentNode.getFirstChild()Lorg/w3c/dom/Node; @ 4
Event: 3.171 Thread 0x00007fe2ce80c000 Uncommon trap: reason=unstable_if action=reinterpret pc=0x000000010be6feb8 method=com.sun.org.apache.xerces.internal.dom.ElementNSImpl.getNamespaceURI()Ljava/lang/String; @ 4
Event: 3.172 Thread 0x00007fe2ce80c000 Uncommon trap: reason=unstable_if action=reinterpret pc=0x000000010bd760bc method=com.sun.org.apache.xerces.internal.dom.AttrImpl.getValue()Ljava/lang/String; @ 15
Event: 3.185 Thread 0x00007fe2ce80c000 Uncommon trap: reason=predicate action=maybe_recompile pc=0x000000010bee63f4 method=java.util.regex.Pattern$Curly.match(Ljava/util/regex/Matcher;ILjava/lang/CharSequence;)Z @ 12
Event: 3.188 Thread 0x00007fe2ce80c000 Uncommon trap: reason=bimorphic action=maybe_recompile pc=0x000000010befa7f8 method=java.util.regex.Pattern$Curly.match0(Ljava/util/regex/Matcher;IILjava/lang/CharSequence;)Z @ 141
Event: 3.190 Thread 0x00007fe2ce80c000 Uncommon trap: reason=class_check action=maybe_recompile pc=0x000000010bed4948 method=com.sun.org.apache.xerces.internal.dom.NamedNodeMapImpl.findNamePoint(Ljava/lang/String;I)I @ 54
Event: 3.191 Thread 0x00007fe2ce80c000 Uncommon trap: reason=class_check action=maybe_recompile pc=0x000000010bed4948 method=com.sun.org.apache.xerces.internal.dom.NamedNodeMapImpl.findNamePoint(Ljava/lang/String;I)I @ 54
Event: 3.192 Thread 0x00007fe2ce80c000 Uncommon trap: reason=class_check action=maybe_recompile pc=0x000000010bed4948 method=com.sun.org.apache.xerces.internal.dom.NamedNodeMapImpl.findNamePoint(Ljava/lang/String;I)I @ 54
Event: 3.193 Thread 0x00007fe2ce80c000 Uncommon trap: reason=class_check action=maybe_recompile pc=0x000000010bed4948 method=com.sun.org.apache.xerces.internal.dom.NamedNodeMapImpl.findNamePoint(Ljava/lang/String;I)I @ 54
Event: 3.203 Thread 0x00007fe2ce80c000 Uncommon trap: reason=bimorphic action=maybe_recompile pc=0x000000010befa7f8 method=java.util.regex.Pattern$Curly.match0(Ljava/util/regex/Matcher;IILjava/lang/CharSequence;)Z @ 141

Classes redefined (0 events):
No events

Internal exceptions (10 events):
Event: 1.698 Thread 0x00007fe2ce80c000 Exception <a 'java/security/PrivilegedActionException'> (0x00000007959a5130) thrown at [/Users/java_re/workspace/8-2-build-macosx-x86_64/jdk8u201/12322/hotspot/src/share/vm/prims/jvm.cpp, line 1502]
Event: 1.698 Thread 0x00007fe2ce80c000 Exception <a 'java/security/PrivilegedActionException'> (0x00000007959a5710) thrown at [/Users/java_re/workspace/8-2-build-macosx-x86_64/jdk8u201/12322/hotspot/src/share/vm/prims/jvm.cpp, line 1502]
Event: 1.702 Thread 0x00007fe2ce80c000 Exception <a 'java/security/PrivilegedActionException'> (0x00000007959bddc0) thrown at [/Users/java_re/workspace/8-2-build-macosx-x86_64/jdk8u201/12322/hotspot/src/share/vm/prims/jvm.cpp, line 1502]
Event: 1.702 Thread 0x00007fe2ce80c000 Exception <a 'java/security/PrivilegedActionException'> (0x00000007959be3a0) thrown at [/Users/java_re/workspace/8-2-build-macosx-x86_64/jdk8u201/12322/hotspot/src/share/vm/prims/jvm.cpp, line 1502]
Event: 1.702 Thread 0x00007fe2ce80c000 Exception <a 'java/security/PrivilegedActionException'> (0x00000007959c95f0) thrown at [/Users/java_re/workspace/8-2-build-macosx-x86_64/jdk8u201/12322/hotspot/src/share/vm/prims/jvm.cpp, line 1502]
Event: 1.702 Thread 0x00007fe2ce80c000 Exception <a 'java/security/PrivilegedActionException'> (0x00000007959c9bd0) thrown at [/Users/java_re/workspace/8-2-build-macosx-x86_64/jdk8u201/12322/hotspot/src/share/vm/prims/jvm.cpp, line 1502]
Event: 1.702 Thread 0x00007fe2ce80c000 Exception <a 'java/security/PrivilegedActionException'> (0x00000007959d56b8) thrown at [/Users/java_re/workspace/8-2-build-macosx-x86_64/jdk8u201/12322/hotspot/src/share/vm/prims/jvm.cpp, line 1502]
Event: 1.702 Thread 0x00007fe2ce80c000 Exception <a 'java/security/PrivilegedActionException'> (0x00000007959d5c98) thrown at [/Users/java_re/workspace/8-2-build-macosx-x86_64/jdk8u201/12322/hotspot/src/share/vm/prims/jvm.cpp, line 1502]
Event: 1.702 Thread 0x00007fe2ce80c000 Exception <a 'java/security/PrivilegedActionException'> (0x00000007959e1620) thrown at [/Users/java_re/workspace/8-2-build-macosx-x86_64/jdk8u201/12322/hotspot/src/share/vm/prims/jvm.cpp, line 1502]
Event: 1.702 Thread 0x00007fe2ce80c000 Exception <a 'java/security/PrivilegedActionException'> (0x00000007959e1c00) thrown at [/Users/java_re/workspace/8-2-build-macosx-x86_64/jdk8u201/12322/hotspot/src/share/vm/prims/jvm.cpp, line 1502]

Events (10 events):
Event: 3.191 Thread 0x00007fe2ce80c000 DEOPT UNPACKING pc=0x000000010b7cd73a sp=0x0000000304b7ab48 mode 2
Event: 3.192 Thread 0x00007fe2ce80c000 Uncommon trap: trap_request=0xffffffde fr.pc=0x000000010bed4948
Event: 3.192 Thread 0x00007fe2ce80c000 DEOPT PACKING pc=0x000000010bed4948 sp=0x0000000304b7abe0
Event: 3.192 Thread 0x00007fe2ce80c000 DEOPT UNPACKING pc=0x000000010b7cd73a sp=0x0000000304b7ab48 mode 2
Event: 3.193 Thread 0x00007fe2ce80c000 Uncommon trap: trap_request=0xffffffde fr.pc=0x000000010bed4948
Event: 3.193 Thread 0x00007fe2ce80c000 DEOPT PACKING pc=0x000000010bed4948 sp=0x0000000304b7abe0
Event: 3.193 Thread 0x00007fe2ce80c000 DEOPT UNPACKING pc=0x000000010b7cd73a sp=0x0000000304b7ab48 mode 2
Event: 3.203 Thread 0x00007fe2ce80c000 Uncommon trap: trap_request=0xffffffc6 fr.pc=0x000000010befa7f8
Event: 3.203 Thread 0x00007fe2ce80c000 DEOPT PACKING pc=0x000000010befa7f8 sp=0x0000000304b7a760
Event: 3.203 Thread 0x00007fe2ce80c000 DEOPT UNPACKING pc=0x000000010b7cd73a sp=0x0000000304b7a7e0 mode 2


Dynamic libraries:
0x00007ff821d3a000 	/System/Library/Frameworks/Cocoa.framework/Versions/A/Cocoa
0x00007ff80d439000 	/System/Library/Frameworks/AppKit.framework/Versions/C/AppKit
0x00007ff8109a3000 	/System/Library/Frameworks/CoreData.framework/Versions/A/CoreData
0x00007ff80b845000 	/System/Library/Frameworks/Foundation.framework/Versions/C/Foundation
0x00007ff815c25000 	/usr/lib/libSystem.B.dylib
0x00007ff80e2c7000 	/System/Library/PrivateFrameworks/UIFoundation.framework/Versions/A/UIFoundation
0x00007ff81bc44000 	/System/Library/PrivateFrameworks/RemoteViewServices.framework/Versions/A/RemoteViewServices
0x00007ff813ee8000 	/System/Library/PrivateFrameworks/XCTTargetBootstrap.framework/Versions/A/XCTTargetBootstrap
0x00007ff817aea000 	/System/Library/PrivateFrameworks/InternationalSupport.framework/Versions/A/InternationalSupport
0x00007ff817b74000 	/System/Library/PrivateFrameworks/UserActivity.framework/Versions/A/UserActivity
0x00007ff816ece000 	/usr/lib/libspindump.dylib
0x00007ff80e555000 	/System/Library/Frameworks/UniformTypeIdentifiers.framework/Versions/A/UniformTypeIdentifiers
0x00007ff812611000 	/usr/lib/libapp_launch_measurement.dylib
0x00007ff811384000 	/System/Library/PrivateFrameworks/CoreAnalytics.framework/Versions/A/CoreAnalytics
0x00007ff812614000 	/System/Library/PrivateFrameworks/CoreAutoLayout.framework/Versions/A/CoreAutoLayout
0x00007ff813842000 	/System/Library/Frameworks/Metal.framework/Versions/A/Metal
0x00007ff81456e000 	/usr/lib/liblangid.dylib
0x00007ff813eed000 	/System/Library/PrivateFrameworks/CoreSVG.framework/Versions/A/CoreSVG
0x00007ff80f93c000 	/System/Library/PrivateFrameworks/SkyLight.framework/Versions/A/SkyLight
0x00007ff80fcda000 	/System/Library/Frameworks/CoreGraphics.framework/Versions/A/CoreGraphics
0x00007ff81c304000 	/System/Library/Frameworks/Accelerate.framework/Versions/A/Accelerate
0x00007ff81694d000 	/System/Library/PrivateFrameworks/IconServices.framework/Versions/A/IconServices
0x00007ff813827000 	/System/Library/Frameworks/IOSurface.framework/Versions/A/IOSurface
0x00007ff8113b2000 	/usr/lib/libDiagnosticMessagesClient.dylib
0x00007ff815b3f000 	/usr/lib/libz.1.dylib
0x00007ff81f9e7000 	/System/Library/Frameworks/ApplicationServices.framework/Versions/A/ApplicationServices
0x00007ff813ed4000 	/System/Library/PrivateFrameworks/DFRFoundation.framework/Versions/A/DFRFoundation
0x00007ff80cd21000 	/usr/lib/libicucore.A.dylib
0x00007ff8188df000 	/System/Library/Frameworks/AudioToolbox.framework/Versions/A/AudioToolbox
0x00007ff817af6000 	/System/Library/PrivateFrameworks/DataDetectorsCore.framework/Versions/A/DataDetectorsCore
0x00007ff913ac8000 	/System/Library/PrivateFrameworks/TextInput.framework/Versions/A/TextInput
0x00007ff80f8bf000 	/usr/lib/libMobileGestalt.dylib
0x00007ff813be0000 	/System/Library/Frameworks/Carbon.framework/Versions/A/Frameworks/HIToolbox.framework/Versions/A/HIToolbox
0x00007ff812017000 	/System/Library/Frameworks/QuartzCore.framework/Versions/A/QuartzCore
0x00007ff80c9c8000 	/System/Library/Frameworks/Security.framework/Versions/A/Security
0x00007ff81bc7c000 	/System/Library/Frameworks/Carbon.framework/Versions/A/Frameworks/SpeechRecognition.framework/Versions/A/SpeechRecognition
0x00007ff812371000 	/System/Library/PrivateFrameworks/CoreUI.framework/Versions/A/CoreUI
0x00007ff80c294000 	/System/Library/Frameworks/CoreAudio.framework/Versions/A/CoreAudio
0x00007ff8114a1000 	/System/Library/Frameworks/DiskArbitration.framework/Versions/A/DiskArbitration
0x00007ff8172ba000 	/System/Library/PrivateFrameworks/MultitouchSupport.framework/Versions/A/MultitouchSupport
0x00007ff80f8be000 	/usr/lib/libenergytrace.dylib
0x00007ff80d325000 	/System/Library/Frameworks/IOKit.framework/Versions/A/IOKit
0x00007ff81c06c000 	/System/Library/Frameworks/CoreServices.framework/Versions/A/CoreServices
0x00007ff8125ab000 	/System/Library/PrivateFrameworks/PerformanceAnalysis.framework/Versions/A/PerformanceAnalysis
0x00007ffa22ed4000 	/System/Library/Frameworks/OpenGL.framework/Versions/A/OpenGL
0x00007ff815159000 	/System/Library/PrivateFrameworks/MobileKeyBag.framework/Versions/A/MobileKeyBag
0x00007ff80a8e2000 	/usr/lib/libobjc.A.dylib
0x00007ff810404000 	/System/Library/Frameworks/ColorSync.framework/Versions/A/ColorSync
0x00007ff80aa9c000 	/System/Library/Frameworks/CoreFoundation.framework/Versions/A/CoreFoundation
0x00007ff814164000 	/System/Library/Frameworks/CoreImage.framework/Versions/A/CoreImage
0x00007ff80c0ac000 	/System/Library/Frameworks/CoreText.framework/Versions/A/CoreText
0x00007ff813f1d000 	/System/Library/Frameworks/ImageIO.framework/Versions/A/ImageIO
0x00007ff815c2b000 	/System/Library/PrivateFrameworks/SoftLinking.framework/Versions/A/SoftLinking
0x00007ff81265c000 	/usr/lib/libxml2.2.dylib
0x00007ff80a9a8000 	/usr/lib/libc++.1.dylib
0x00007ff815eac000 	/usr/lib/libcompression.dylib
0x00007ff817a1d000 	/System/Library/PrivateFrameworks/TextureIO.framework/Versions/A/TextureIO
0x00007ff8165c6000 	/usr/lib/libate.dylib
0x00007ff815c20000 	/usr/lib/system/libcache.dylib
0x00007ff815bdc000 	/usr/lib/system/libcommonCrypto.dylib
0x00007ff815c05000 	/usr/lib/system/libcompiler_rt.dylib
0x00007ff815bfb000 	/usr/lib/system/libcopyfile.dylib
0x00007ff80a7dd000 	/usr/lib/system/libcorecrypto.dylib
0x00007ff80a89b000 	/usr/lib/system/libdispatch.dylib
0x00007ff80aa5b000 	/usr/lib/system/libdyld.dylib
0x00007ff815c17000 	/usr/lib/system/libkeymgr.dylib
0x00007ff815bba000 	/usr/lib/system/libmacho.dylib
0x00007ff815233000 	/usr/lib/system/libquarantine.dylib
0x00007ff815c15000 	/usr/lib/system/libremovefile.dylib
0x00007ff80f90c000 	/usr/lib/system/libsystem_asl.dylib
0x00007ff80a786000 	/usr/lib/system/libsystem_blocks.dylib
0x00007ff80a91f000 	/usr/lib/system/libsystem_c.dylib
0x00007ff815c0d000 	/usr/lib/system/libsystem_collections.dylib
0x00007ff81455e000 	/usr/lib/system/libsystem_configuration.dylib
0x00007ff81380a000 	/usr/lib/system/libsystem_containermanager.dylib
0x00007ff8158ed000 	/usr/lib/system/libsystem_coreservices.dylib
0x00007ff80cfb5000 	/usr/lib/system/libsystem_darwin.dylib
0x00007ff815c18000 	/usr/lib/system/libsystem_dnssd.dylib
0x00007ff80a91c000 	/usr/lib/system/libsystem_featureflags.dylib
0x00007ff80aa71000 	/usr/lib/system/libsystem_info.dylib
0x00007ff815b52000 	/usr/lib/system/libsystem_m.dylib
0x00007ff80a86f000 	/usr/lib/system/libsystem_malloc.dylib
0x00007ff80f8a7000 	/usr/lib/system/libsystem_networkextension.dylib
0x00007ff80d3db000 	/usr/lib/system/libsystem_notify.dylib
0x00007ff81bf41000 	/usr/lib/system/libsystem_product_info_filter.dylib
0x00007ff814562000 	/usr/lib/system/libsystem_sandbox.dylib
0x00007ff815c12000 	/usr/lib/system/libsystem_secinit.dylib
0x00007ff80aa17000 	/usr/lib/system/libsystem_kernel.dylib
0x00007ff80aa67000 	/usr/lib/system/libsystem_platform.dylib
0x00007ff80aa4f000 	/usr/lib/system/libsystem_pthread.dylib
0x00007ff8111c4000 	/usr/lib/system/libsystem_symptoms.dylib
0x00007ff80a7c4000 	/usr/lib/system/libsystem_trace.dylib
0x00007ff815be8000 	/usr/lib/system/libunwind.dylib
0x00007ff80a788000 	/usr/lib/system/libxpc.dylib
0x00007ff80aa01000 	/usr/lib/libc++abi.dylib
0x00007ff815bf3000 	/usr/lib/liboah.dylib
0x00007ff816384000 	/usr/lib/liblzma.5.dylib
0x00007ff80b558000 	/System/Library/Frameworks/SystemConfiguration.framework/Versions/A/SystemConfiguration
0x00007ff815c27000 	/usr/lib/libfakelink.dylib
0x00007ff80f418000 	/System/Library/Frameworks/CFNetwork.framework/Versions/A/CFNetwork
0x00007ff815d68000 	/usr/lib/libarchive.2.dylib
0x00007ff81456a000 	/System/Library/PrivateFrameworks/AppleSystemInfo.framework/Versions/A/AppleSystemInfo
0x00007ff81525a000 	/usr/lib/libbsm.0.dylib
0x00007ff80ea2b000 	/usr/lib/libnetwork.dylib
0x00007ff815bc0000 	/usr/lib/system/libkxld.dylib
0x00007ff814e86000 	/System/Library/PrivateFrameworks/IOMobileFramebuffer.framework/Versions/A/IOMobileFramebuffer
0x00007ffb225bd000 	/usr/lib/libCoreEntitlements.dylib
0x00007ff8158cf000 	/System/Library/PrivateFrameworks/AppleFSCompression.framework/Versions/A/AppleFSCompression
0x00007ff815242000 	/usr/lib/libcoretls.dylib
0x00007ff81639e000 	/usr/lib/libcoretls_cfhelpers.dylib
0x00007ff815ea7000 	/usr/lib/libpam.2.dylib
0x00007ff810de7000 	/usr/lib/libsqlite3.dylib
0x00007ff81640d000 	/usr/lib/libxar.1.dylib
0x00007ff8158df000 	/usr/lib/libbz2.1.0.dylib
0x00007ff815c2c000 	/usr/lib/libpcap.A.dylib
0x00007ff8111bc000 	/usr/lib/libdns_services.dylib
0x00007ff815e7a000 	/usr/lib/libapple_nghttp2.dylib
0x00007ff815c66000 	/usr/lib/libiconv.2.dylib
0x00007ff815bb9000 	/usr/lib/libcharset.1.dylib
0x00007ff8125df000 	/System/Library/Frameworks/CoreServices.framework/Versions/A/Frameworks/FSEvents.framework/Versions/A/FSEvents
0x00007ff80cfbf000 	/System/Library/Frameworks/CoreServices.framework/Versions/A/Frameworks/CarbonCore.framework/Versions/A/CarbonCore
0x00007ff811405000 	/System/Library/Frameworks/CoreServices.framework/Versions/A/Frameworks/Metadata.framework/Versions/A/Metadata
0x00007ff8158f2000 	/System/Library/Frameworks/CoreServices.framework/Versions/A/Frameworks/OSServices.framework/Versions/A/OSServices
0x00007ff815def000 	/System/Library/Frameworks/CoreServices.framework/Versions/A/Frameworks/SearchKit.framework/Versions/A/SearchKit
0x00007ff81114f000 	/System/Library/Frameworks/CoreServices.framework/Versions/A/Frameworks/AE.framework/Versions/A/AE
0x00007ff80af9d000 	/System/Library/Frameworks/CoreServices.framework/Versions/A/Frameworks/LaunchServices.framework/Versions/A/LaunchServices
0x00007ff816335000 	/System/Library/Frameworks/CoreServices.framework/Versions/A/Frameworks/DictionaryServices.framework/Versions/A/DictionaryServices
0x00007ff8125ec000 	/System/Library/Frameworks/CoreServices.framework/Versions/A/Frameworks/SharedFileList.framework/Versions/A/SharedFileList
0x00007ff815236000 	/usr/lib/libCheckFix.dylib
0x00007ff80f923000 	/System/Library/PrivateFrameworks/TCC.framework/Versions/A/TCC
0x00007ff814570000 	/System/Library/PrivateFrameworks/CoreNLP.framework/Versions/A/CoreNLP
0x00007ff8113b5000 	/System/Library/PrivateFrameworks/MetadataUtilities.framework/Versions/A/MetadataUtilities
0x00007ff80b608000 	/usr/lib/libmecabra.dylib
0x00007ff81526a000 	/usr/lib/libmecab.dylib
0x00007ff80b5d3000 	/usr/lib/libCRFSuite.dylib
0x00007ff8152c4000 	/usr/lib/libgermantok.dylib
0x00007ff815e55000 	/usr/lib/libThaiTokenizer.dylib
0x00007ff8114a8000 	/System/Library/Frameworks/Accelerate.framework/Versions/A/Frameworks/vImage.framework/Versions/A/vImage
0x00007ff81c043000 	/System/Library/Frameworks/Accelerate.framework/Versions/A/Frameworks/vecLib.framework/Versions/A/vecLib
0x00007ff81644e000 	/System/Library/Frameworks/Accelerate.framework/Versions/A/Frameworks/vecLib.framework/Versions/A/libvMisc.dylib
0x00007ff814c85000 	/System/Library/Frameworks/Accelerate.framework/Versions/A/Frameworks/vecLib.framework/Versions/A/libvDSP.dylib
0x00007ff80b317000 	/System/Library/Frameworks/Accelerate.framework/Versions/A/Frameworks/vecLib.framework/Versions/A/libBLAS.dylib
0x00007ff815f8a000 	/System/Library/Frameworks/Accelerate.framework/Versions/A/Frameworks/vecLib.framework/Versions/A/libLAPACK.dylib
0x00007ff8152c7000 	/System/Library/Frameworks/Accelerate.framework/Versions/A/Frameworks/vecLib.framework/Versions/A/libLinearAlgebra.dylib
0x00007ff815e92000 	/System/Library/Frameworks/Accelerate.framework/Versions/A/Frameworks/vecLib.framework/Versions/A/libSparseBLAS.dylib
0x00007ff815f84000 	/System/Library/Frameworks/Accelerate.framework/Versions/A/Frameworks/vecLib.framework/Versions/A/libQuadrature.dylib
0x00007ff81465b000 	/System/Library/Frameworks/Accelerate.framework/Versions/A/Frameworks/vecLib.framework/Versions/A/libBNNS.dylib
0x00007ff80b4e9000 	/System/Library/Frameworks/Accelerate.framework/Versions/A/Frameworks/vecLib.framework/Versions/A/libSparse.dylib
0x00007ff814654000 	/System/Library/PrivateFrameworks/LinguisticData.framework/Versions/A/LinguisticData
0x00007ff80b49f000 	/System/Library/PrivateFrameworks/Lexicon.framework/Versions/A/Lexicon
0x00007ff816447000 	/usr/lib/libChineseTokenizer.dylib
0x00007ff80bc01000 	/System/Library/PrivateFrameworks/LanguageModeling.framework/Versions/A/LanguageModeling
0x00007ff815e57000 	/System/Library/PrivateFrameworks/AppleSauce.framework/Versions/A/AppleSauce
0x00007ff814e74000 	/System/Library/PrivateFrameworks/CoreEmoji.framework/Versions/A/CoreEmoji
0x00007ff815d57000 	/usr/lib/libcmph.dylib
0x00007ff8125c3000 	/System/Library/Frameworks/OpenDirectory.framework/Versions/A/Frameworks/CFOpenDirectory.framework/Versions/A/CFOpenDirectory
0x00007ff8125b7000 	/System/Library/Frameworks/OpenDirectory.framework/Versions/A/OpenDirectory
0x00007ff8163a0000 	/System/Library/PrivateFrameworks/APFS.framework/Versions/A/APFS
0x00007ff815191000 	/System/Library/Frameworks/SecurityFoundation.framework/Versions/A/SecurityFoundation
0x00007ff81641b000 	/usr/lib/libutil.dylib
0x00007ff80d2e9000 	/System/Library/PrivateFrameworks/CoreServicesStore.framework/Versions/A/CoreServicesStore
0x00007ff81641f000 	/usr/lib/libxslt.1.dylib
0x00007ff81521e000 	/System/Library/PrivateFrameworks/BackgroundTaskManagement.framework/Versions/A/BackgroundTaskManagement
0x00007ff81793e000 	/System/Library/Frameworks/ImageIO.framework/Versions/A/Resources/libRadiance.dylib
0x00007ff817947000 	/System/Library/Frameworks/ImageIO.framework/Versions/A/Resources/libJPEG.dylib
0x00007ff817899000 	/System/Library/Frameworks/ImageIO.framework/Versions/A/Resources/libPng.dylib
0x00007ff8178ba000 	/System/Library/Frameworks/ImageIO.framework/Versions/A/Resources/libTIFF.dylib
0x00007ff8179a6000 	/System/Library/Frameworks/ImageIO.framework/Versions/A/Resources/libGIF.dylib
0x00007ff8171d6000 	/System/Library/Frameworks/ImageIO.framework/Versions/A/Resources/libJP2.dylib
0x00007ff816914000 	/usr/lib/libexpat.1.dylib
0x00007ff81718b000 	/System/Library/PrivateFrameworks/AppleJPEG.framework/Versions/A/AppleJPEG
0x00007ff813aa4000 	/System/Library/PrivateFrameworks/FontServices.framework/libFontParser.dylib
0x00007ff8110f9000 	/System/Library/PrivateFrameworks/RunningBoardServices.framework/Versions/A/RunningBoardServices
0x00007ff8222f2000 	/System/Library/PrivateFrameworks/IOSurfaceAccelerator.framework/Versions/A/IOSurfaceAccelerator
0x00007ff8172b6000 	/System/Library/PrivateFrameworks/WatchdogClient.framework/Versions/A/WatchdogClient
0x00007ff80bcef000 	/System/Library/Frameworks/CoreDisplay.framework/Versions/A/CoreDisplay
0x00007ff8139a2000 	/System/Library/Frameworks/CoreMedia.framework/Versions/A/CoreMedia
0x00007ff813839000 	/System/Library/PrivateFrameworks/IOAccelerator.framework/Versions/A/IOAccelerator
0x00007ff812740000 	/System/Library/Frameworks/CoreVideo.framework/Versions/A/CoreVideo
0x00007ff815ea5000 	/System/Library/Frameworks/MetalPerformanceShaders.framework/Versions/A/MetalPerformanceShaders
0x00007ff8172f3000 	/System/Library/Frameworks/VideoToolbox.framework/Versions/A/VideoToolbox
0x00007ff811043000 	/System/Library/PrivateFrameworks/BaseBoard.framework/Versions/A/BaseBoard
0x00007ff810dcd000 	/System/Library/PrivateFrameworks/ProtocolBuffer.framework/Versions/A/ProtocolBuffer
0x00007ff817937000 	/System/Library/PrivateFrameworks/GPUWrangler.framework/Versions/A/GPUWrangler
0x00007ff81791b000 	/System/Library/PrivateFrameworks/IOPresentment.framework/Versions/A/IOPresentment
0x00007ff817941000 	/System/Library/PrivateFrameworks/DSExternalDisplay.framework/Versions/A/DSExternalDisplay
0x00007ffa22ec8000 	/System/Library/Frameworks/OpenGL.framework/Versions/A/Libraries/libCoreFSCache.dylib
0x00007ffb0fd66000 	/System/Library/PrivateFrameworks/GPUCompiler.framework/Versions/31001/Libraries/libGPUCompilerUtils.dylib
0x00007ff8179ab000 	/System/Library/PrivateFrameworks/CMCaptureCore.framework/Versions/A/CMCaptureCore
0x00007ff816ebc000 	/System/Library/PrivateFrameworks/AppServerSupport.framework/Versions/A/AppServerSupport
0x00007ff819177000 	/System/Library/PrivateFrameworks/perfdata.framework/Versions/A/perfdata
0x00007ff80be1b000 	/System/Library/PrivateFrameworks/AudioToolboxCore.framework/Versions/A/AudioToolboxCore
0x00007ff813980000 	/System/Library/PrivateFrameworks/caulk.framework/Versions/A/caulk
0x00007ff818a89000 	/usr/lib/libAudioStatistics.dylib
0x00007ff910276000 	/System/Library/PrivateFrameworks/SystemPolicy.framework/Versions/A/SystemPolicy
0x00007ff818ce4000 	/usr/lib/libSMC.dylib
0x00007ff821bed000 	/System/Library/Frameworks/CoreMIDI.framework/Versions/A/CoreMIDI
0x00007ff817868000 	/usr/lib/libAudioToolboxUtility.dylib
0x00007ff90c519000 	/System/Library/PrivateFrameworks/OSAServicesClient.framework/Versions/A/OSAServicesClient
0x00007ff819184000 	/usr/lib/libperfcheck.dylib
0x00007ff910d20000 	/usr/lib/libmis.dylib
0x00007ffa22f23000 	/System/Library/Frameworks/OpenGL.framework/Versions/A/Libraries/libGLU.dylib
0x00007ffa22ee7000 	/System/Library/Frameworks/OpenGL.framework/Versions/A/Libraries/libGFXShared.dylib
0x00007ffa230f0000 	/System/Library/Frameworks/OpenGL.framework/Versions/A/Libraries/libGL.dylib
0x00007ffa22ef0000 	/System/Library/Frameworks/OpenGL.framework/Versions/A/Libraries/libGLImage.dylib
0x00007ffa22ee4000 	/System/Library/Frameworks/OpenGL.framework/Versions/A/Libraries/libCVMSPluginSupport.dylib
0x00007ffa22ecf000 	/System/Library/Frameworks/OpenGL.framework/Versions/A/Libraries/libCoreVMClient.dylib
0x00007ff8144ec000 	/System/Library/Frameworks/MetalPerformanceShaders.framework/Versions/A/Frameworks/MPSCore.framework/Versions/A/MPSCore
0x00007ff81583a000 	/System/Library/Frameworks/MetalPerformanceShaders.framework/Versions/A/Frameworks/MPSImage.framework/Versions/A/MPSImage
0x00007ff8152dd000 	/System/Library/Frameworks/MetalPerformanceShaders.framework/Versions/A/Frameworks/MPSNeuralNetwork.framework/Versions/A/MPSNeuralNetwork
0x00007ff815751000 	/System/Library/Frameworks/MetalPerformanceShaders.framework/Versions/A/Frameworks/MPSMatrix.framework/Versions/A/MPSMatrix
0x00007ff81550c000 	/System/Library/Frameworks/MetalPerformanceShaders.framework/Versions/A/Frameworks/MPSRayIntersector.framework/Versions/A/MPSRayIntersector
0x00007ff815789000 	/System/Library/Frameworks/MetalPerformanceShaders.framework/Versions/A/Frameworks/MPSNDArray.framework/Versions/A/MPSNDArray
0x00007ffa27e50000 	/System/Library/Frameworks/MetalPerformanceShaders.framework/Versions/A/Frameworks/MPSFunctions.framework/Versions/A/MPSFunctions
0x00007ff80b1f4000 	/System/Library/PrivateFrameworks/MetalTools.framework/Versions/A/MetalTools
0x00007ff814568000 	/System/Library/PrivateFrameworks/AggregateDictionary.framework/Versions/A/AggregateDictionary
0x00007ff8166f6000 	/usr/lib/libIOReport.dylib
0x00007ffa244ff000 	/System/Library/Frameworks/OpenCL.framework/Versions/A/OpenCL
0x00007ff816a5a000 	/System/Library/PrivateFrameworks/FaceCore.framework/Versions/A/FaceCore
0x00007ff816a4b000 	/System/Library/PrivateFrameworks/GraphVisualizer.framework/Versions/A/GraphVisualizer
0x00007ffb0fc71000 	/System/Library/PrivateFrameworks/FontServices.framework/Versions/A/FontServices
0x00007ff816e74000 	/System/Library/PrivateFrameworks/OTSVG.framework/Versions/A/OTSVG
0x00007ff812327000 	/System/Library/Frameworks/ApplicationServices.framework/Versions/A/Frameworks/ATS.framework/Versions/A/Resources/libFontRegistry.dylib
0x00007ff816ec4000 	/System/Library/PrivateFrameworks/FontServices.framework/libhvf.dylib
0x00007ffb0fc72000 	/System/Library/PrivateFrameworks/FontServices.framework/libXTFontStaticRegistryData.dylib
0x00007ff8168c4000 	/System/Library/PrivateFrameworks/AppleVA.framework/Versions/A/AppleVA
0x00007ff818aa9000 	/System/Library/Frameworks/ApplicationServices.framework/Versions/A/Frameworks/ATS.framework/Versions/A/ATS
0x00007ff810500000 	/System/Library/Frameworks/ApplicationServices.framework/Versions/A/Frameworks/HIServices.framework/Versions/A/HIServices
0x00007ff8179b5000 	/System/Library/Frameworks/ApplicationServices.framework/Versions/A/Frameworks/PrintCore.framework/Versions/A/PrintCore
0x00007ff818e37000 	/System/Library/Frameworks/ApplicationServices.framework/Versions/A/Frameworks/QD.framework/Versions/A/QD
0x00007ff818e2f000 	/System/Library/Frameworks/ApplicationServices.framework/Versions/A/Frameworks/ColorSyncLegacy.framework/Versions/A/ColorSyncLegacy
0x00007ff818a99000 	/System/Library/Frameworks/ApplicationServices.framework/Versions/A/Frameworks/SpeechSynthesis.framework/Versions/A/SpeechSynthesis
0x00007ff817976000 	/System/Library/Frameworks/ApplicationServices.framework/Versions/A/Frameworks/ATSUI.framework/Versions/A/ATSUI
0x00007ff818dc4000 	/usr/lib/libcups.2.dylib
0x00007ff819193000 	/System/Library/Frameworks/Kerberos.framework/Versions/A/Kerberos
0x00007ff8191a2000 	/System/Library/Frameworks/GSS.framework/Versions/A/GSS
0x00007ff818b15000 	/usr/lib/libresolv.9.dylib
0x00007ff816ed3000 	/System/Library/PrivateFrameworks/Heimdal.framework/Versions/A/Heimdal
0x00007ff81fd6f000 	/System/Library/Frameworks/Kerberos.framework/Versions/A/Libraries/libHeimdalProxy.dylib
0x00007ff8111cc000 	/System/Library/Frameworks/Network.framework/Versions/A/Network
0x00007ff81692e000 	/usr/lib/libheimdal-asn1.dylib
0x00007ff8191ed000 	/System/Library/PrivateFrameworks/CommonAuth.framework/Versions/A/CommonAuth
0x00007ff818a1b000 	/System/Library/PrivateFrameworks/AudioSession.framework/Versions/A/AudioSession
0x00007ff8169be000 	/System/Library/PrivateFrameworks/MediaExperience.framework/Versions/A/MediaExperience
0x00007ff8188ae000 	/System/Library/PrivateFrameworks/AudioSession.framework/libSessionUtility.dylib
0x00007ff818e43000 	/System/Library/PrivateFrameworks/AudioResourceArbitration.framework/Versions/A/AudioResourceArbitration
0x00007ff81ceb6000 	/System/Library/PrivateFrameworks/PowerLog.framework/Versions/A/PowerLog
0x00007ff816937000 	/System/Library/PrivateFrameworks/IconFoundation.framework/Versions/A/IconFoundation
0x00007ff81bc6c000 	/System/Library/PrivateFrameworks/SpeechRecognitionCore.framework/Versions/A/SpeechRecognitionCore
0x00000001098d1000 	/Library/Java/JavaVirtualMachines/jdk1.8.0_201.jdk/Contents/Home/jre/lib/server/libjvm.dylib
0x00007ffb23065000 	/usr/lib/libstdc++.6.dylib
0x0000000108965000 	/Library/Java/JavaVirtualMachines/jdk1.8.0_201.jdk/Contents/Home/jre/lib/libverify.dylib
0x00000001089ba000 	/Library/Java/JavaVirtualMachines/jdk1.8.0_201.jdk/Contents/Home/jre/lib/libjava.dylib
0x0000000108995000 	/Library/Java/JavaVirtualMachines/jdk1.8.0_201.jdk/Contents/Home/jre/lib/libzip.dylib
0x00000001216b1000 	/Library/Java/JavaVirtualMachines/jdk1.8.0_201.jdk/Contents/Home/jre/lib/libnet.dylib

VM Arguments:
jvm_args: -ea -Dfile.encoding=UTF-8 
java_command: org.testng.remote.RemoteTestNG -serport 53092 -protocol json -d /Users/fernandogranados/Desktop/SCRIPTS JAVA/HttpStatusCode/test-output /var/folders/17/3syvc2g155l5dljwyg5xttth0000gn/T/testng-eclipse-1203654234/testng-customsuite.xml
java_class_path (initial): /Applications/Eclipse.app/Contents/Eclipse/configuration/org.eclipse.osgi/424/0/.cp/lib/testng-remote.jar:/Users/fernandogranados/Desktop/SCRIPTS JAVA/HttpStatusCode/target/test-classes:/Users/fernandogranados/Desktop/SCRIPTS JAVA/HttpStatusCode/target/classes:/Applications/Eclipse.app/Contents/Eclipse/plugins/org.testng_7.4.0.r202105021533.jar:/Applications/Eclipse.app/Contents/Eclipse/plugins/com.beust.jcommander_1.78.0.jar:/Applications/Eclipse.app/Contents/Eclipse/plugins/org.apache-extras.beanshell.bsh_2.0.0.b6.jar:/Applications/Eclipse.app/Contents/Eclipse/plugins/org.yaml.snakeyaml_1.27.0.v20201111-1638.jar:/Applications/Eclipse.app/Contents/Eclipse/plugins/org.webjars.jquery_3.5.1.jar:/Applications/Eclipse.app/Contents/Eclipse/plugins/org.junit_4.13.2.v20211018-1956.jar:/Applications/Eclipse.app/Contents/Eclipse/plugins/org.hamcrest.core_1.3.0.v20180420-1519.jar:/Users/fernandogranados/.m2/repository/net/sourceforge/jexcelapi/jxl/2.6.12/jxl-2.6.12.jar:/Users/fernandogranados/.m2/repository/log4j/log4j/1.2.14/log4j-1.2.14.jar:/Users/fernandogranados/.m2/repository/com/box/box-java-sdk/2.53.0/box-java-sdk-2.53.0.jar:/Users/fernandogranados/.m2/repository/com/eclipsesource/minimal-json/minimal-json/0.9.1/minimal-json-0.9.1.jar:/Users/fernandogranados/.m2/repository/org/bitbucket/b_c/jose4j/0.5.5/jose4j-0.5.5.jar:/Users/fernandogranados/.m2/repository/org/bouncycastle/bcprov-jdk15on/1.60/bcprov-jdk15on-1.60.jar:/Users/fernandogranados/.m2/repository/org/bouncycastle/bcpkix-jdk15on/1.60/bcpkix-jdk15on-1.60.jar:/Users/fernandogranados/.m2/repository/org/testng/testng/6.8/testng-6.8.jar:/Users/fernandogranados/.m2/repository/org/beanshell/bsh/2.0b4/bsh-2.0b4.jar:/Users/fernandogranados/.m2/repository/com/beust/jcommander/1.27/jcommander-1.27.jar:/Users/fernandogranados/.m2/repository/org/yaml/snakeyaml/1.6/snakeyaml-1.6.jar:/Users/fernandogranados/.m2/repository/org/apache/poi/poi/3.17/poi-3.17.jar:/Users/fernandogranados/.m2/repository
Launcher Type: SUN_STANDARD

Environment Variables:
PATH=/usr/bin:/bin:/usr/sbin:/sbin
SHELL=/bin/bash

Signal Handlers:
SIGSEGV: [libjvm.dylib+0x5b723d], sa_mask[0]=11111111111111111111111111111111, sa_flags=SA_ONSTACK|SA_RESTART|SA_SIGINFO
SIGBUS: [libjvm.dylib+0x5b723d], sa_mask[0]=11111111111111111111111111111111, sa_flags=SA_RESTART|SA_SIGINFO
SIGFPE: [libjvm.dylib+0x48c9bc], sa_mask[0]=11111111111111111111111111111111, sa_flags=SA_RESTART|SA_SIGINFO
SIGPIPE: [libjvm.dylib+0x48c9bc], sa_mask[0]=11111111111111111111111111111111, sa_flags=SA_RESTART|SA_SIGINFO
SIGXFSZ: [libjvm.dylib+0x48c9bc], sa_mask[0]=11111111111111111111111111111111, sa_flags=SA_RESTART|SA_SIGINFO
SIGILL: [libjvm.dylib+0x48c9bc], sa_mask[0]=11111111111111111111111111111111, sa_flags=SA_RESTART|SA_SIGINFO
SIGUSR1: SIG_DFL, sa_mask[0]=00000000000000000000000000000000, sa_flags=none
SIGUSR2: [libjvm.dylib+0x48c4da], sa_mask[0]=00100000000000000000000000000000, sa_flags=SA_RESTART|SA_SIGINFO
SIGHUP: [libjvm.dylib+0x48aa65], sa_mask[0]=11111111111111111111111111111111, sa_flags=SA_RESTART|SA_SIGINFO
SIGINT: [libjvm.dylib+0x48aa65], sa_mask[0]=11111111111111111111111111111111, sa_flags=SA_RESTART|SA_SIGINFO
SIGTERM: [libjvm.dylib+0x48aa65], sa_mask[0]=11111111111111111111111111111111, sa_flags=SA_RESTART|SA_SIGINFO
SIGQUIT: [libjvm.dylib+0x48aa65], sa_mask[0]=11111111111111111111111111111111, sa_flags=SA_RESTART|SA_SIGINFO


---------------  S Y S T E M  ---------------

OS:Bsduname:Darwin 21.4.0 Darwin Kernel Version 21.4.0: Fri Mar 18 00:47:26 PDT 2022; root:xnu-8020.101.4~15/RELEASE_ARM64_T8101 x86_64
rlimit: STACK 8176k, CORE 0k, NPROC 1333, NOFILE 10240, AS infinity
load average:2.43 2.33 2.20

CPU:total 8 (initial active 8) (1 cores per cpu, 1 threads per core) family 6 model 44 stepping 0, cmov, cx8, fxsr, mmx, sse, sse2, sse3, ssse3, sse4.1, sse4.2, popcnt, aes, clmul, tsc, tscinvbit, tscinv

Memory: 4k page, physical 8388608k(33584k free)

/proc/meminfo:


vm_info: Java HotSpot(TM) 64-Bit Server VM (25.201-b09) for bsd-amd64 JRE (1.8.0_201-b09), built on Dec 15 2018 18:35:23 by "java_re" with gcc 4.2.1 (Based on Apple Inc. build 5658) (LLVM build 2336.11.00)

time: Mon Aug 15 14:23:39 2022
timezone: CST
elapsed time: 3 seconds (0d 0h 0m 3s)

